[debug] [2021-06-10T04:01:32.832Z] ----------------------------------------------------------------------
[debug] [2021-06-10T04:01:32.834Z] Command:       /Users/azusa/.nodebrew/node/v16.3.0/bin/node /Users/azusa/.npm_global/bin/firebase deploy
[debug] [2021-06-10T04:01:32.835Z] CLI Version:   9.12.1
[debug] [2021-06-10T04:01:32.835Z] Platform:      darwin
[debug] [2021-06-10T04:01:32.835Z] Node Version:  v16.3.0
[debug] [2021-06-10T04:01:32.837Z] Time:          Thu Jun 10 2021 13:01:32 GMT+0900 (日本標準時)
[debug] [2021-06-10T04:01:32.837Z] ----------------------------------------------------------------------
[debug] 
[debug] [2021-06-10T04:01:32.853Z] > command requires scopes: ["email","openid","https://www.googleapis.com/auth/cloudplatformprojects.readonly","https://www.googleapis.com/auth/firebase","https://www.googleapis.com/auth/cloud-platform"]
[debug] [2021-06-10T04:01:32.853Z] > authorizing via signed-in user (curiousazunas@gmail.com)
[debug] [2021-06-10T04:01:32.853Z] [iam] checking project self-manage-app for permissions ["datastore.indexes.create","datastore.indexes.delete","datastore.indexes.list","datastore.indexes.update","firebase.projects.get","firebasehosting.sites.update"]
[debug] [2021-06-10T04:01:32.856Z] >>> HTTP REQUEST POST https://cloudresourcemanager.googleapis.com/v1/projects/self-manage-app:testIamPermissions  
 {"permissions":["datastore.indexes.create","datastore.indexes.delete","datastore.indexes.list","datastore.indexes.update","firebase.projects.get","firebasehosting.sites.update"]}
[debug] [2021-06-10T04:01:33.615Z] <<< HTTP RESPONSE 200 {"content-type":"application/json; charset=UTF-8","vary":"X-Origin, Referer, Origin,Accept-Encoding","date":"Thu, 10 Jun 2021 04:01:33 GMT","server":"ESF","cache-control":"private","x-xss-protection":"0","x-frame-options":"SAMEORIGIN","x-content-type-options":"nosniff","server-timing":"gfet4t7; dur=594","alt-svc":"h3-29=\":443\"; ma=2592000,h3-T051=\":443\"; ma=2592000,h3-Q050=\":443\"; ma=2592000,h3-Q046=\":443\"; ma=2592000,h3-Q043=\":443\"; ma=2592000,quic=\":443\"; ma=2592000; v=\"46,43\"","accept-ranges":"none","transfer-encoding":"chunked"}
[debug] [2021-06-10T04:01:33.619Z] > refreshing access token with scopes: []
[debug] [2021-06-10T04:01:33.619Z] >>> HTTP REQUEST POST https://www.googleapis.com/oauth2/v3/token  
 <request body omitted>
[debug] [2021-06-10T04:01:33.759Z] <<< HTTP RESPONSE 200 {"date":"Thu, 10 Jun 2021 04:01:33 GMT","cache-control":"no-cache, no-store, max-age=0, must-revalidate","expires":"Mon, 01 Jan 1990 00:00:00 GMT","pragma":"no-cache","content-type":"application/json; charset=utf-8","vary":"X-Origin, Referer, Origin,Accept-Encoding","server":"scaffolding on HTTPServer2","x-xss-protection":"0","x-frame-options":"SAMEORIGIN","x-content-type-options":"nosniff","alt-svc":"h3=\":443\"; ma=2592000,h3-29=\":443\"; ma=2592000,h3-T051=\":443\"; ma=2592000,h3-Q050=\":443\"; ma=2592000,h3-Q046=\":443\"; ma=2592000,h3-Q043=\":443\"; ma=2592000,quic=\":443\"; ma=2592000; v=\"46,43\"","accept-ranges":"none","transfer-encoding":"chunked"}
[debug] [2021-06-10T04:01:33.821Z] >>> [apiv2][query] GET https://firebase.googleapis.com/v1beta1/projects/self-manage-app [none]
[debug] [2021-06-10T04:01:34.194Z] <<< [apiv2][status] GET https://firebase.googleapis.com/v1beta1/projects/self-manage-app 200
[debug] [2021-06-10T04:01:34.194Z] <<< [apiv2][body] GET https://firebase.googleapis.com/v1beta1/projects/self-manage-app {"projectId":"self-manage-app","projectNumber":"19554020802","displayName":"Self-Manage-App","name":"projects/self-manage-app","resources":{"hostingSite":"self-manage-app","storageBucket":"self-manage-app.appspot.com","locationId":"asia-east2"},"state":"ACTIVE"}
[info] 
[info] === Deploying to 'self-manage-app'...
[info] 
[info] i  deploying firestore, hosting 
[info] i  firestore: reading indexes from firestore.indexes.json... 
[info] i  cloud.firestore: checking firestore.rules for compilation errors... 
[debug] [2021-06-10T04:01:34.200Z] > refreshing access token with scopes: ["email","https://www.googleapis.com/auth/cloud-platform","https://www.googleapis.com/auth/cloudplatformprojects.readonly","https://www.googleapis.com/auth/firebase","openid"]
[debug] [2021-06-10T04:01:34.200Z] >>> HTTP REQUEST POST https://www.googleapis.com/oauth2/v3/token  
 <request body omitted>
[debug] [2021-06-10T04:01:34.388Z] <<< HTTP RESPONSE 200 {"date":"Thu, 10 Jun 2021 04:01:34 GMT","cache-control":"no-cache, no-store, max-age=0, must-revalidate","pragma":"no-cache","expires":"Mon, 01 Jan 1990 00:00:00 GMT","content-type":"application/json; charset=utf-8","vary":"X-Origin, Referer, Origin,Accept-Encoding","server":"scaffolding on HTTPServer2","x-xss-protection":"0","x-frame-options":"SAMEORIGIN","x-content-type-options":"nosniff","alt-svc":"h3=\":443\"; ma=2592000,h3-29=\":443\"; ma=2592000,h3-T051=\":443\"; ma=2592000,h3-Q050=\":443\"; ma=2592000,h3-Q046=\":443\"; ma=2592000,h3-Q043=\":443\"; ma=2592000,quic=\":443\"; ma=2592000; v=\"46,43\"","accept-ranges":"none","transfer-encoding":"chunked"}
[debug] [2021-06-10T04:01:34.437Z] >>> HTTP REQUEST POST https://firebaserules.googleapis.com/v1/projects/self-manage-app:test  
 {"source":{"files":[{"name":"firestore.rules","content":"rules_version = '2';\nservice cloud.firestore {\n  match /databases/{database}/documents {\n    match /{document=**} {\n      allow read, write: if\n          request.time < timestamp.date(2021, 7, 10);\n    }\n  }\n}"}]}}
[debug] [2021-06-10T04:01:35.569Z] <<< HTTP RESPONSE 200 {"content-type":"application/json; charset=UTF-8","vary":"X-Origin, Referer, Origin,Accept-Encoding","date":"Thu, 10 Jun 2021 04:01:35 GMT","server":"ESF","cache-control":"private","x-xss-protection":"0","x-frame-options":"SAMEORIGIN","x-content-type-options":"nosniff","alt-svc":"h3=\":443\"; ma=2592000,h3-29=\":443\"; ma=2592000,h3-T051=\":443\"; ma=2592000,h3-Q050=\":443\"; ma=2592000,h3-Q046=\":443\"; ma=2592000,h3-Q043=\":443\"; ma=2592000,quic=\":443\"; ma=2592000; v=\"46,43\"","accept-ranges":"none","transfer-encoding":"chunked"}
[info] ✔  cloud.firestore: rules file firestore.rules compiled successfully 
[debug] [2021-06-10T04:01:35.575Z] >>> HTTP REQUEST POST https://firebasehosting.googleapis.com/v1beta1/sites/self-manage-app/versions  
 {"config":{},"labels":{"deployment-tool":"cli-firebase"}}
